2025-08-22 20:17:15 - gui_main - INFO - ==================================================
2025-08-22 20:17:15 - gui_main - INFO - Keithley 2461 控制系統啟動
2025-08-22 20:17:15 - gui_main - INFO - Python 版本: 3.9.6
2025-08-22 20:17:15 - gui_main - INFO - PyQt6 版本: 1.0
2025-08-22 20:17:15 - gui_main - INFO - 日誌檔案: logs/keithley_gui_20250822.log
2025-08-22 20:17:15 - gui_main - INFO - ==================================================
2025-08-22 20:19:42 - gui_main - INFO - ==================================================
2025-08-22 20:19:42 - gui_main - INFO - Keithley 2461 控制系統啟動
2025-08-22 20:19:42 - gui_main - INFO - Python 版本: 3.9.6
2025-08-22 20:19:42 - gui_main - INFO - PyQt6 版本: 1.0
2025-08-22 20:19:42 - gui_main - INFO - 日誌檔案: logs/keithley_gui_20250822.log
2025-08-22 20:19:42 - gui_main - INFO - ==================================================
2025-08-22 20:39:39 - gui_main - INFO - ==================================================
2025-08-22 20:39:39 - gui_main - INFO - Keithley 2461 控制系統啟動
2025-08-22 20:39:39 - gui_main - INFO - Python 版本: 3.9.6
2025-08-22 20:39:39 - gui_main - INFO - PyQt6 版本: 1.0
2025-08-22 20:39:39 - gui_main - INFO - 日誌檔案: logs/keithley_gui_20250822.log
2025-08-22 20:39:39 - gui_main - INFO - ==================================================
2025-08-22 20:53:47 - gui_main - INFO - 程式正常關閉
2025-08-22 20:56:56 - gui_main - INFO - ==================================================
2025-08-22 20:56:56 - gui_main - INFO - Keithley 2461 控制系統啟動
2025-08-22 20:56:56 - gui_main - INFO - Python 版本: 3.9.6
2025-08-22 20:56:56 - gui_main - INFO - PyQt6 版本: 1.0
2025-08-22 20:56:56 - gui_main - INFO - 日誌檔案: logs/keithley_gui_20250822.log
2025-08-22 20:56:56 - gui_main - INFO - ==================================================
2025-08-22 20:57:37 - gui_main - INFO - ==================================================
2025-08-22 20:57:37 - gui_main - INFO - Keithley 2461 控制系統啟動
2025-08-22 20:57:37 - gui_main - INFO - Python 版本: 3.9.6
2025-08-22 20:57:37 - gui_main - INFO - PyQt6 版本: 1.0
2025-08-22 20:57:37 - gui_main - INFO - 日誌檔案: logs/keithley_gui_20250822.log
2025-08-22 20:57:37 - gui_main - INFO - ==================================================
2025-08-22 21:01:48 - gui_main - INFO - 程式正常關閉
2025-08-22 21:25:33 - __main__ - INFO - ==================================================
2025-08-22 21:25:33 - __main__ - INFO - Keithley 2461 控制系統啟動
2025-08-22 21:25:33 - __main__ - INFO - Python 版本: 3.9.6
2025-08-22 21:25:33 - __main__ - INFO - PyQt6 版本: 1.0
2025-08-22 21:25:33 - __main__ - INFO - 日誌檔案: logs/keithley_gui_20250822.log
2025-08-22 21:25:33 - __main__ - INFO - ==================================================
2025-08-22 21:25:38 - __main__ - INFO - 程式正常關閉
2025-08-22 21:26:19 - __main__ - INFO - ==================================================
2025-08-22 21:26:19 - __main__ - INFO - Keithley 2461 控制系統啟動
2025-08-22 21:26:19 - __main__ - INFO - Python 版本: 3.9.6
2025-08-22 21:26:19 - __main__ - INFO - PyQt6 版本: 1.0
2025-08-22 21:26:19 - __main__ - INFO - 日誌檔案: logs/keithley_gui_20250822.log
2025-08-22 21:26:19 - __main__ - INFO - ==================================================
2025-08-22 21:26:29 - __main__ - INFO - 程式正常關閉
